<?xml version="1.0" encoding="UTF-8"?>
<!-- Generated by org.testng.reporters.JUnitXMLReporter -->
<testsuite hostname="TZ-IT-YiDR" name="Test" tests="2" failures="1" timestamp="17 Jul 2017 11:52:18 GMT" time="76.982" errors="0">
  <testcase name="loginVisa" time="17.903" classname="com.login.purchaselogin.testcase.LoginPurchase"/>
  <testcase name="VisaDetail" time="59.033" classname="com.visa.testcase.CreateOrder">
    <failure type="java.lang.NullPointerException">
      <![CDATA[java.lang.NullPointerException
	at com.Utility.utils.Utils.waitForElement(Utils.java:13)
	at com.visa.testcase.CreateOrder.VisaDetail(CreateOrder.java:21)
... Removed 24 stack frames]]>
    </failure>
  </testcase> <!-- VisaDetail -->
</testsuite> <!-- Test -->
